<?xml version="1.0" encoding="UTF-8"?>
<testsuites name="TS_Cura_Appointment_Jenkins_001" time="23.521" tests="0" failures="0" errors="0">
   <testsuite name="TS_Cura_Appointment_Jenkins_001" tests="0" failures="0" errors="0" time="23.521" skipped="0" timestamp="06-02-2024T16:59:38" hostname="mansurshaik - 10.1.34.140" id="Test Suites/TS_Cura_Appointment_Jenkins_CLI_001/TS_Cura_Appointment_Jenkins_001">
      <properties>
         <property name="deviceName" value=""/>
         <property name="devicePlatform" value=""/>
         <property name="logFolder" value="C:\\Users\\mansurshaik\\git\\SI-GuidedProject-706021-1706005466\\Reports\\20240206_165918\\TS_Cura_Appointment_Jenkins_CLI_001\\TS_Cura_Appointment_Jenkins_001\\20240206_165928"/>
         <property name="logFiles" value="C:\\Users\\mansurshaik\\git\\SI-GuidedProject-706021-1706005466\\Reports\\20240206_165918\\TS_Cura_Appointment_Jenkins_CLI_001\\TS_Cura_Appointment_Jenkins_001\\20240206_165928\\execution0.log"/>
         <property name="attachments" value=""/>
         <property name="hostName" value="mansurshaik - 10.1.34.140"/>
         <property name="os" value="Windows 11 64bit"/>
         <property name="katalonVersion" value="9.2.0.212"/>
         <property name="browser" value="Chrome 121.0.0.0"/>
         <property name="hostAddress" value="10.1.34.140"/>
         <property name="sessionId" value="a43affb20d6ab350e7aa672332ebee17"/>
         <property name="seleniumVersion" value="3.141.59"/>
         <property name="proxyInformation" value="ProxyInformation { proxyOption=NO_PROXY, proxyServerType=HTTP, username=, password=********, proxyServerAddress=, proxyServerPort=0, executionList=&quot;&quot;, isApplyToDesiredCapabilities=true }"/>
         <property name="platform" value="Windows 11"/>
      </properties>
      <system-out><![CDATA[06-02-2024T16:59:38 - [TEST_SUITE][PASSED] - TS_Cura_Appointment_Jenkins_001: null]]></system-out>
      <system-err><![CDATA[]]></system-err>
   </testsuite>
</testsuites>
