<?xml version="1.0" encoding="UTF-8"?>
<testsuites name="TS_Cura_Appointment_Jenkins_001" time="9.335" tests="0" failures="0" errors="0">
   <testsuite name="TS_Cura_Appointment_Jenkins_001" tests="0" failures="0" errors="0" time="9.335" skipped="0" timestamp="30-01-2024T18:13:57" hostname="mansurshaik - 10.1.34.86" id="Test Suites/TS_Cura_Appointment_Jenkins_CLI_001/TS_Cura_Appointment_Jenkins_001">
      <properties>
         <property name="deviceName" value=""/>
         <property name="devicePlatform" value=""/>
         <property name="logFolder" value="C:\\Users\\mansurshaik\\git\\SI-GuidedProject-706021-1706005466\\Reports\\20240130_181339\\TS_Cura_Appointment_Jenkins_CLI_001\\TS_Cura_Appointment_Jenkins_001\\20240130_181350"/>
         <property name="logFiles" value="C:\\Users\\mansurshaik\\git\\SI-GuidedProject-706021-1706005466\\Reports\\20240130_181339\\TS_Cura_Appointment_Jenkins_CLI_001\\TS_Cura_Appointment_Jenkins_001\\20240130_181350\\execution0.log"/>
         <property name="attachments" value=""/>
         <property name="hostName" value="mansurshaik - 10.1.34.86"/>
         <property name="os" value="Windows 11 64bit"/>
         <property name="katalonVersion" value="9.2.0.212"/>
         <property name="browser" value="Chrome 120.0.0.0"/>
         <property name="hostAddress" value="10.1.34.86"/>
         <property name="sessionId" value="859fb0353d5b3ec2112bf6d98302d64a"/>
         <property name="seleniumVersion" value="3.141.59"/>
         <property name="proxyInformation" value="ProxyInformation { proxyOption=NO_PROXY, proxyServerType=HTTP, username=, password=********, proxyServerAddress=, proxyServerPort=0, executionList=&quot;&quot;, isApplyToDesiredCapabilities=true }"/>
         <property name="platform" value="Windows 11"/>
      </properties>
      <system-out><![CDATA[30-01-2024T18:13:57 - [TEST_SUITE][PASSED] - TS_Cura_Appointment_Jenkins_001: null]]></system-out>
      <system-err><![CDATA[]]></system-err>
   </testsuite>
</testsuites>
