<?xml version="1.0" encoding="UTF-8"?>
<testsuites name="TS_DDT_Cura_Login_001" time="11.001" tests="1" failures="0" errors="0">
   <testsuite name="TS_DDT_Cura_Login_001" tests="1" failures="0" errors="0" time="11.001" skipped="0" timestamp="25-01-2024T00:35:59" hostname="mansurshaik - 10.1.34.139" id="Test Suites/DDT_CURA_Login_001/TS_DDT_Cura_Login_001">
      <properties>
         <property name="deviceName" value=""/>
         <property name="devicePlatform" value=""/>
         <property name="logFolder" value="C:\\Users\\mansurshaik\\git\\SI-GuidedProject-706021-1706005466\\Reports\\20240125_003555\\DDT_CURA_Login_001\\TS_DDT_Cura_Login_001\\20240125_003555"/>
         <property name="logFiles" value="C:\\Users\\mansurshaik\\git\\SI-GuidedProject-706021-1706005466\\Reports\\20240125_003555\\DDT_CURA_Login_001\\TS_DDT_Cura_Login_001\\20240125_003555\\execution0.log"/>
         <property name="attachments" value=""/>
         <property name="hostName" value="mansurshaik - 10.1.34.139"/>
         <property name="os" value="Windows 11 64bit"/>
         <property name="katalonVersion" value="9.1.0.212"/>
         <property name="browser" value="Chrome 120.0.0.0"/>
         <property name="hostAddress" value="10.1.34.139"/>
         <property name="sessionId" value="861aaeecab97133f30963973d057e295"/>
         <property name="seleniumVersion" value="3.141.59"/>
         <property name="proxyInformation" value="ProxyInformation { proxyOption=NO_PROXY, proxyServerType=HTTP, username=, password=********, proxyServerAddress=, proxyServerPort=0, executionList=&quot;&quot;, isApplyToDesiredCapabilities=true }"/>
         <property name="platform" value="Windows 11"/>
      </properties>
      <testcase name="Test Cases/Cura_Health_Services/TC_CURA_Login_001" time="10.775" classname="Test Cases/Cura_Health_Services/TC_CURA_Login_001" status="PASSED">
         <system-out><![CDATA[25-01-2024T00:35:59 - [TEST_CASE][PASSED] - Test Cases/Cura_Health_Services/TC_CURA_Login_001: Test Cases/Cura_Health_Services/TC_CURA_Login_001

25-01-2024T00:36:00 - [TEST_STEP][PASSED] - openBrowser(""): Browser is opened with url: ''

25-01-2024T00:36:00 - [MESSAGE][INFO] - Starting 'Chrome' driver

25-01-2024T00:36:00 - [MESSAGE][INFO] - Action delay is set to 0 milliseconds

25-01-2024T00:36:02 - [MESSAGE][PASSED] - Browser is opened with url: ''

25-01-2024T00:36:02 - [TEST_STEP][PASSED] - navigateToUrl("https://katalon-demo-cura.herokuapp.com/"): Navigate to 'https://katalon-demo-cura.herokuapp.com/' successfully

25-01-2024T00:36:06 - [MESSAGE][PASSED] - Navigate to 'https://katalon-demo-cura.herokuapp.com/' successfully

25-01-2024T00:36:06 - [TEST_STEP][PASSED] - click(findTestObject("Object Repository/TC_CURA_Login_OR_001/Page_CURA Healthcare Service/i_fa fa-bars")): Object: 'Object Repository/TC_CURA_Login_OR_001/Page_CURA Healthcare Service/i_fa fa-bars' is clicked on

25-01-2024T00:36:06 - [MESSAGE][PASSED] - Object: 'Object Repository/TC_CURA_Login_OR_001/Page_CURA Healthcare Service/i_fa fa-bars' is clicked on

25-01-2024T00:36:06 - [TEST_STEP][PASSED] - click(findTestObject("Object Repository/TC_CURA_Login_OR_001/Page_CURA Healthcare Service/a_Login")): Object: 'Object Repository/TC_CURA_Login_OR_001/Page_CURA Healthcare Service/a_Login' is clicked on

25-01-2024T00:36:07 - [MESSAGE][PASSED] - Object: 'Object Repository/TC_CURA_Login_OR_001/Page_CURA Healthcare Service/a_Login' is clicked on

25-01-2024T00:36:07 - [TEST_STEP][PASSED] - setText(findTestObject("Object Repository/TC_CURA_Login_OR_001/Page_CURA Healthcare Service/input_username"), "John Doe"): Text 'John Doe' is set on object 'Object Repository/TC_CURA_Login_OR_001/Page_CURA Healthcare Service/input_username'

25-01-2024T00:36:08 - [MESSAGE][PASSED] - Text 'John Doe' is set on object 'Object Repository/TC_CURA_Login_OR_001/Page_CURA Healthcare Service/input_username'

25-01-2024T00:36:08 - [TEST_STEP][PASSED] - setEncryptedText(findTestObject("Object Repository/TC_CURA_Login_OR_001/Page_CURA Healthcare Service/input_password"), "g3/DOGG74jC3Flrr3yH+3D/yKbOqqUNM"): Text ****** has been set on object 'Object Repository/TC_CURA_Login_OR_001/Page_CURA Healthcare Service/input_password'

25-01-2024T00:36:09 - [MESSAGE][PASSED] - Text ****** has been set on object 'Object Repository/TC_CURA_Login_OR_001/Page_CURA Healthcare Service/input_password'

25-01-2024T00:36:09 - [TEST_STEP][PASSED] - click(findTestObject("Object Repository/TC_CURA_Login_OR_001/Page_CURA Healthcare Service/button_Login")): Object: 'Object Repository/TC_CURA_Login_OR_001/Page_CURA Healthcare Service/button_Login' is clicked on

25-01-2024T00:36:10 - [MESSAGE][PASSED] - Object: 'Object Repository/TC_CURA_Login_OR_001/Page_CURA Healthcare Service/button_Login' is clicked on

25-01-2024T00:36:10 - [TEST_STEP][PASSED] - closeBrowser(): Browser is closed

25-01-2024T00:36:10 - [MESSAGE][PASSED] - Browser is closed]]></system-out>
         <system-err><![CDATA[]]></system-err>
      </testcase>
      <system-out><![CDATA[25-01-2024T00:35:59 - [TEST_SUITE][PASSED] - TS_DDT_Cura_Login_001: Test Cases/Cura_Health_Services/TC_CURA_Login_001]]></system-out>
      <system-err><![CDATA[]]></system-err>
   </testsuite>
</testsuites>
